[2024-12-20 10:22:31Z INFO HostContext] No proxy settings were found based on environmental variables (http_proxy/https_proxy/HTTP_PROXY/HTTPS_PROXY)
[2024-12-20 10:22:31Z INFO HostContext] Well known directory 'Bin': '/Users/ynda/Documents/Dev/Code/FS/projet_devops/actions-runner/bin'
[2024-12-20 10:22:31Z INFO HostContext] Well known directory 'Root': '/Users/ynda/Documents/Dev/Code/FS/projet_devops/actions-runner'
[2024-12-20 10:22:31Z INFO HostContext] Well known config file 'Credentials': '/Users/ynda/Documents/Dev/Code/FS/projet_devops/actions-runner/.credentials'
[2024-12-20 10:22:31Z INFO HostContext] Well known directory 'Bin': '/Users/ynda/Documents/Dev/Code/FS/projet_devops/actions-runner/bin'
[2024-12-20 10:22:31Z INFO HostContext] Well known directory 'Root': '/Users/ynda/Documents/Dev/Code/FS/projet_devops/actions-runner'
[2024-12-20 10:22:31Z INFO HostContext] Well known config file 'Runner': '/Users/ynda/Documents/Dev/Code/FS/projet_devops/actions-runner/.runner'
[2024-12-20 10:22:31Z INFO Listener] Runner is built for OSX (Arm64) - osx-arm64.
[2024-12-20 10:22:31Z INFO Listener] RuntimeInformation: Darwin 23.6.0 Darwin Kernel Version 23.6.0: Mon Jul 29 21:14:21 PDT 2024; root:xnu-10063.141.2~1/RELEASE_ARM64_T8103.
[2024-12-20 10:22:31Z INFO Listener] Version: 2.321.0
[2024-12-20 10:22:31Z INFO Listener] Commit: e249007931b7c8e857797fa259c167f0bd4f997a
[2024-12-20 10:22:31Z INFO Listener] Culture: fr-FR
[2024-12-20 10:22:31Z INFO Listener] UI Culture: fr-FR
[2024-12-20 10:22:31Z INFO HostContext] Well known directory 'Bin': '/Users/ynda/Documents/Dev/Code/FS/projet_devops/actions-runner/bin'
[2024-12-20 10:22:31Z INFO HostContext] Well known directory 'Root': '/Users/ynda/Documents/Dev/Code/FS/projet_devops/actions-runner'
[2024-12-20 10:22:31Z INFO Listener] Validating directory permissions for: '/Users/ynda/Documents/Dev/Code/FS/projet_devops/actions-runner'
[2024-12-20 10:22:31Z INFO CommandLineParser] Parse
[2024-12-20 10:22:31Z INFO CommandLineParser] Parsing 1 args
[2024-12-20 10:22:31Z INFO CommandLineParser] parsing argument
[2024-12-20 10:22:31Z INFO CommandLineParser] HasArgs: False
[2024-12-20 10:22:31Z INFO CommandLineParser] Adding Command: run
[2024-12-20 10:22:31Z INFO Listener] Arguments parsed
[2024-12-20 10:22:31Z INFO Runner] ExecuteCommand
[2024-12-20 10:22:31Z INFO ConfigurationStore] currentAssemblyLocation: /Users/ynda/Documents/Dev/Code/FS/projet_devops/actions-runner/bin/Runner.Listener.dll
[2024-12-20 10:22:31Z INFO HostContext] Well known directory 'Bin': '/Users/ynda/Documents/Dev/Code/FS/projet_devops/actions-runner/bin'
[2024-12-20 10:22:31Z INFO ConfigurationStore] binPath: /Users/ynda/Documents/Dev/Code/FS/projet_devops/actions-runner/bin
[2024-12-20 10:22:31Z INFO HostContext] Well known directory 'Bin': '/Users/ynda/Documents/Dev/Code/FS/projet_devops/actions-runner/bin'
[2024-12-20 10:22:31Z INFO HostContext] Well known directory 'Root': '/Users/ynda/Documents/Dev/Code/FS/projet_devops/actions-runner'
[2024-12-20 10:22:31Z INFO ConfigurationStore] RootFolder: /Users/ynda/Documents/Dev/Code/FS/projet_devops/actions-runner
[2024-12-20 10:22:31Z INFO HostContext] Well known directory 'Bin': '/Users/ynda/Documents/Dev/Code/FS/projet_devops/actions-runner/bin'
[2024-12-20 10:22:31Z INFO HostContext] Well known directory 'Root': '/Users/ynda/Documents/Dev/Code/FS/projet_devops/actions-runner'
[2024-12-20 10:22:31Z INFO HostContext] Well known config file 'Runner': '/Users/ynda/Documents/Dev/Code/FS/projet_devops/actions-runner/.runner'
[2024-12-20 10:22:31Z INFO ConfigurationStore] ConfigFilePath: /Users/ynda/Documents/Dev/Code/FS/projet_devops/actions-runner/.runner
[2024-12-20 10:22:31Z INFO HostContext] Well known directory 'Bin': '/Users/ynda/Documents/Dev/Code/FS/projet_devops/actions-runner/bin'
[2024-12-20 10:22:31Z INFO HostContext] Well known directory 'Root': '/Users/ynda/Documents/Dev/Code/FS/projet_devops/actions-runner'
[2024-12-20 10:22:31Z INFO HostContext] Well known config file 'Credentials': '/Users/ynda/Documents/Dev/Code/FS/projet_devops/actions-runner/.credentials'
[2024-12-20 10:22:31Z INFO ConfigurationStore] CredFilePath: /Users/ynda/Documents/Dev/Code/FS/projet_devops/actions-runner/.credentials
[2024-12-20 10:22:31Z INFO HostContext] Well known directory 'Bin': '/Users/ynda/Documents/Dev/Code/FS/projet_devops/actions-runner/bin'
[2024-12-20 10:22:31Z INFO HostContext] Well known directory 'Root': '/Users/ynda/Documents/Dev/Code/FS/projet_devops/actions-runner'
[2024-12-20 10:22:31Z INFO HostContext] Well known config file 'MigratedCredentials': '/Users/ynda/Documents/Dev/Code/FS/projet_devops/actions-runner/.credentials_migrated'
[2024-12-20 10:22:31Z INFO ConfigurationStore] MigratedCredFilePath: /Users/ynda/Documents/Dev/Code/FS/projet_devops/actions-runner/.credentials_migrated
[2024-12-20 10:22:31Z INFO HostContext] Well known directory 'Bin': '/Users/ynda/Documents/Dev/Code/FS/projet_devops/actions-runner/bin'
[2024-12-20 10:22:31Z INFO HostContext] Well known directory 'Root': '/Users/ynda/Documents/Dev/Code/FS/projet_devops/actions-runner'
[2024-12-20 10:22:31Z INFO HostContext] Well known config file 'Service': '/Users/ynda/Documents/Dev/Code/FS/projet_devops/actions-runner/.service'
[2024-12-20 10:22:31Z INFO ConfigurationStore] ServiceConfigFilePath: /Users/ynda/Documents/Dev/Code/FS/projet_devops/actions-runner/.service
[2024-12-20 10:22:31Z INFO CommandSettings] Flag 'help': 'False'
[2024-12-20 10:22:31Z INFO CommandSettings] Flag 'version': 'False'
[2024-12-20 10:22:31Z INFO CommandSettings] Flag 'commit': 'False'
[2024-12-20 10:22:31Z INFO CommandSettings] Flag 'check': 'False'
[2024-12-20 10:22:31Z INFO CommandSettings] Command 'configure': 'False'
[2024-12-20 10:22:31Z INFO CommandSettings] Command 'remove': 'False'
[2024-12-20 10:22:31Z INFO CommandSettings] Command 'warmup': 'False'
[2024-12-20 10:22:31Z INFO ConfigurationManager] LoadSettings
[2024-12-20 10:22:31Z INFO ConfigurationStore] IsConfigured()
[2024-12-20 10:22:31Z INFO ConfigurationStore] IsConfigured: True
[2024-12-20 10:22:31Z INFO ConfigurationManager] Is configured: True
[2024-12-20 10:22:31Z INFO ConfigurationStore] Read setting file: 301 chars
[2024-12-20 10:22:31Z INFO ConfigurationManager] Settings Loaded
[2024-12-20 10:22:31Z INFO ConfigurationStore] IsServiceConfigured()
[2024-12-20 10:22:31Z INFO ConfigurationStore] IsServiceConfigured: False
[2024-12-20 10:22:31Z INFO CommandSettings] Command 'run': 'True'
[2024-12-20 10:22:31Z INFO ConfigurationStore] IsConfigured()
[2024-12-20 10:22:31Z INFO ConfigurationStore] IsConfigured: True
[2024-12-20 10:22:31Z INFO ConfigurationManager] Is configured: True
[2024-12-20 10:22:31Z INFO Runner] Could not parse the argument value '' for StartupType. Defaulting to Manual
[2024-12-20 10:22:31Z INFO Runner] Set runner startup type - Manual
[2024-12-20 10:22:31Z INFO CommandSettings] Flag 'once': 'False'
[2024-12-20 10:22:31Z INFO CommandSettings] Flag 'once': 'False'
[2024-12-20 10:22:31Z INFO Runner] RunAsync
[2024-12-20 10:22:31Z INFO ConfigurationManager] LoadSettings
[2024-12-20 10:22:31Z INFO ConfigurationStore] IsConfigured()
[2024-12-20 10:22:31Z INFO ConfigurationStore] IsConfigured: True
[2024-12-20 10:22:31Z INFO ConfigurationManager] Is configured: True
[2024-12-20 10:22:31Z INFO ConfigurationManager] Settings Loaded
[2024-12-20 10:22:31Z INFO MessageListener] {
  "AgentId": 2,
  "AgentName": "gh-runner-1",
  "PoolId": 1,
  "PoolName": "Default",
  "ServerUrl": "https://pipelinesghubeus11.actions.githubusercontent.com/14U56NnSrjaXznqTSGDLQ5ktUhXpKcKoGgOf7n33lOKN3IfEGD/",
  "GitHubUrl": "https://github.com/iGrec-a2n/projet_devops",
  "WorkFolder": "_work"
}
[2024-12-20 10:22:31Z INFO MessageListener] Loading Credentials
[2024-12-20 10:22:31Z INFO ConfigurationStore] HasCredentials()
[2024-12-20 10:22:31Z INFO ConfigurationStore] stored True
[2024-12-20 10:22:31Z INFO CredentialManager] GetCredentialProvider
[2024-12-20 10:22:31Z INFO CredentialManager] Creating type OAuth
[2024-12-20 10:22:31Z INFO CredentialManager] Creating credential type: OAuth
[2024-12-20 10:22:31Z INFO HostContext] Well known directory 'Bin': '/Users/ynda/Documents/Dev/Code/FS/projet_devops/actions-runner/bin'
[2024-12-20 10:22:31Z INFO HostContext] Well known directory 'Root': '/Users/ynda/Documents/Dev/Code/FS/projet_devops/actions-runner'
[2024-12-20 10:22:31Z INFO HostContext] Well known config file 'RSACredentials': '/Users/ynda/Documents/Dev/Code/FS/projet_devops/actions-runner/.credentials_rsaparams'
[2024-12-20 10:22:31Z INFO RSAFileKeyManager] Loading RSA key parameters from file /Users/ynda/Documents/Dev/Code/FS/projet_devops/actions-runner/.credentials_rsaparams
[2024-12-20 10:22:31Z INFO MessageListener] Attempt to create session.
[2024-12-20 10:22:31Z INFO MessageListener] Connecting to the Runner Server...
[2024-12-20 10:22:31Z INFO RunnerServer] EstablishVssConnection
[2024-12-20 10:22:31Z INFO RunnerServer] Establish connection with 100 seconds timeout.
[2024-12-20 10:22:31Z INFO GitHubActionsService] Starting operation Location.GetConnectionData
[2024-12-20 10:22:31Z INFO RunnerServer] EstablishVssConnection
[2024-12-20 10:22:31Z INFO RunnerServer] Establish connection with 60 seconds timeout.
[2024-12-20 10:22:31Z INFO GitHubActionsService] Starting operation Location.GetConnectionData
[2024-12-20 10:22:31Z INFO RunnerServer] EstablishVssConnection
[2024-12-20 10:22:31Z INFO RunnerServer] Establish connection with 60 seconds timeout.
[2024-12-20 10:22:31Z INFO GitHubActionsService] Starting operation Location.GetConnectionData
[2024-12-20 10:22:32Z INFO GitHubActionsService] Finished operation Location.GetConnectionData
[2024-12-20 10:22:32Z INFO GitHubActionsService] Finished operation Location.GetConnectionData
[2024-12-20 10:22:32Z INFO GitHubActionsService] Finished operation Location.GetConnectionData
[2024-12-20 10:22:32Z INFO MessageListener] VssConnection created
[2024-12-20 10:22:32Z INFO Terminal] WRITE LINE: 
[2024-12-20 10:22:32Z INFO Terminal] WRITE LINE: 
[2024-12-20 10:22:32Z INFO RSAFileKeyManager] Loading RSA key parameters from file /Users/ynda/Documents/Dev/Code/FS/projet_devops/actions-runner/.credentials_rsaparams
[2024-12-20 10:22:32Z INFO RSAFileKeyManager] Loading RSA key parameters from file /Users/ynda/Documents/Dev/Code/FS/projet_devops/actions-runner/.credentials_rsaparams
[2024-12-20 10:22:32Z INFO GitHubActionsService] AAD Correlation ID for this token request: Unknown
[2024-12-20 10:22:33Z INFO MessageListener] Session created.
[2024-12-20 10:22:33Z INFO Terminal] WRITE LINE: Current runner version: '2.321.0'
[2024-12-20 10:22:33Z INFO Terminal] WRITE LINE: 2024-12-20 10:22:33Z: Listening for Jobs
[2024-12-20 10:22:33Z INFO JobDispatcher] Set runner/worker IPC timeout to 30 seconds.
[2024-12-20 10:22:33Z INFO RSAFileKeyManager] Loading RSA key parameters from file /Users/ynda/Documents/Dev/Code/FS/projet_devops/actions-runner/.credentials_rsaparams
[2024-12-20 10:22:33Z INFO GitHubActionsService] AAD Correlation ID for this token request: Unknown
[2024-12-20 10:52:47Z INFO MessageListener] No message retrieved from session '33c7c858-8101-4467-9416-78855b3851aa' within last 30 minutes.
[2024-12-20 11:12:56Z INFO RSAFileKeyManager] Loading RSA key parameters from file /Users/ynda/Documents/Dev/Code/FS/projet_devops/actions-runner/.credentials_rsaparams
[2024-12-20 11:12:57Z INFO GitHubActionsService] AAD Correlation ID for this token request: Unknown
[2024-12-20 11:17:59Z INFO RSAFileKeyManager] Loading RSA key parameters from file /Users/ynda/Documents/Dev/Code/FS/projet_devops/actions-runner/.credentials_rsaparams
[2024-12-20 11:17:59Z INFO GitHubActionsService] AAD Correlation ID for this token request: Unknown
[2024-12-20 11:23:02Z INFO MessageListener] No message retrieved from session '33c7c858-8101-4467-9416-78855b3851aa' within last 30 minutes.
[2024-12-20 11:23:17Z INFO Terminal] WRITE LINE: Exiting...
[2024-12-20 11:23:17Z INFO ConfigurationStore] IsServiceConfigured()
[2024-12-20 11:23:17Z INFO ConfigurationStore] IsServiceConfigured: False
[2024-12-20 11:23:17Z INFO HostContext] Runner will be shutdown for UserCancelled
[2024-12-20 11:23:17Z WARN GitHubActionsService] GET request to https://broker.actions.githubusercontent.com/message?sessionId=33c7c858-8101-4467-9416-78855b3851aa&status=Online&runnerVersion=2.321.0&os=macOS&architecture=ARM64&disableUpdate=false has been cancelled.
[2024-12-20 11:23:17Z ERR  BrokerServer] Catch exception during request
[2024-12-20 11:23:17Z ERR  BrokerServer] System.Threading.Tasks.TaskCanceledException: The operation was canceled.
 ---> System.Threading.Tasks.TaskCanceledException: The operation was canceled.
 ---> System.IO.IOException: Unable to read data from the transport connection: Operation canceled.
 ---> System.Net.Sockets.SocketException (89): Operation canceled
   --- End of inner exception stack trace ---
   at System.Net.Sockets.Socket.AwaitableSocketAsyncEventArgs.ThrowException(SocketError error, CancellationToken cancellationToken)
   at System.Net.Sockets.Socket.AwaitableSocketAsyncEventArgs.System.Threading.Tasks.Sources.IValueTaskSource<System.Int32>.GetResult(Int16 token)
   at System.Net.Security.SslStream.EnsureFullTlsFrameAsync[TIOAdapter](CancellationToken cancellationToken, Int32 estimatedSize)
   at System.Runtime.CompilerServices.PoolingAsyncValueTaskMethodBuilder`1.StateMachineBox`1.System.Threading.Tasks.Sources.IValueTaskSource<TResult>.GetResult(Int16 token)
   at System.Net.Security.SslStream.ReadAsyncInternal[TIOAdapter](Memory`1 buffer, CancellationToken cancellationToken)
   at System.Runtime.CompilerServices.PoolingAsyncValueTaskMethodBuilder`1.StateMachineBox`1.System.Threading.Tasks.Sources.IValueTaskSource<TResult>.GetResult(Int16 token)
   at System.Net.Http.HttpConnection.SendAsync(HttpRequestMessage request, Boolean async, CancellationToken cancellationToken)
   --- End of inner exception stack trace ---
   at System.Net.Http.HttpConnection.SendAsync(HttpRequestMessage request, Boolean async, CancellationToken cancellationToken)
   at System.Net.Http.AuthenticationHelper.SendWithNtAuthAsync(HttpRequestMessage request, Uri authUri, Boolean async, ICredentials credentials, Boolean isProxyAuth, HttpConnection connection, HttpConnectionPool connectionPool, CancellationToken cancellationToken)
   at System.Net.Http.HttpConnectionPool.SendWithVersionDetectionAndRetryAsync(HttpRequestMessage request, Boolean async, Boolean doRequestAuth, CancellationToken cancellationToken)
   at System.Net.Http.AuthenticationHelper.SendWithAuthAsync(HttpRequestMessage request, Uri authUri, Boolean async, ICredentials credentials, Boolean preAuthenticate, Boolean isProxyAuth, Boolean doRequestAuth, HttpConnectionPool pool, CancellationToken cancellationToken)
   at System.Net.Http.RedirectHandler.SendAsync(HttpRequestMessage request, Boolean async, CancellationToken cancellationToken)
   at GitHub.Services.Common.RawHttpMessageHandler.SendAsync(HttpRequestMessage request, CancellationToken cancellationToken)
   at GitHub.Services.Common.VssHttpRetryMessageHandler.SendAsync(HttpRequestMessage request, CancellationToken cancellationToken)
   at System.Net.Http.HttpClient.<SendAsync>g__Core|83_0(HttpRequestMessage request, HttpCompletionOption completionOption, CancellationTokenSource cts, Boolean disposeCts, CancellationTokenSource pendingRequestsCts, CancellationToken originalCancellationToken)
   --- End of inner exception stack trace ---
   at System.Net.Http.HttpClient.HandleFailure(Exception e, Boolean telemetryStarted, HttpResponseMessage response, CancellationTokenSource cts, CancellationToken cancellationToken, CancellationTokenSource pendingRequestsCts)
   at System.Net.Http.HttpClient.<SendAsync>g__Core|83_0(HttpRequestMessage request, HttpCompletionOption completionOption, CancellationTokenSource cts, Boolean disposeCts, CancellationTokenSource pendingRequestsCts, CancellationToken originalCancellationToken)
   at Sdk.WebApi.WebApi.RawHttpClientBase.SendAsync(HttpRequestMessage message, HttpCompletionOption completionOption, Object userState, CancellationToken cancellationToken)
   at Sdk.WebApi.WebApi.RawHttpClientBase.SendAsync[T](HttpRequestMessage message, Boolean readErrorBody, Object userState, CancellationToken cancellationToken)
   at Sdk.WebApi.WebApi.RawHttpClientBase.SendAsync[T](HttpMethod method, IEnumerable`1 additionalHeaders, Uri requestUri, HttpContent content, IEnumerable`1 queryParameters, Boolean readErrorBody, Object userState, CancellationToken cancellationToken)
   at GitHub.Actions.RunService.WebApi.BrokerHttpClient.GetRunnerMessageAsync(Nullable`1 sessionId, String runnerVersion, Nullable`1 status, String os, String architecture, Nullable`1 disableUpdate, CancellationToken cancellationToken)
   at GitHub.Runner.Common.BrokerServer.<>c__DisplayClass7_0.<<GetRunnerMessageAsync>b__0>d.MoveNext()
--- End of stack trace from previous location ---
   at GitHub.Runner.Common.RunnerService.RetryRequest[T](Func`1 func, CancellationToken cancellationToken, Int32 maxRetryAttemptsCount, Func`2 shouldRetry)
[2024-12-20 11:23:17Z ERR  BrokerServer] #####################################################
[2024-12-20 11:23:17Z ERR  BrokerServer] System.Threading.Tasks.TaskCanceledException: The operation was canceled.
 ---> System.IO.IOException: Unable to read data from the transport connection: Operation canceled.
 ---> System.Net.Sockets.SocketException (89): Operation canceled
   --- End of inner exception stack trace ---
   at System.Net.Sockets.Socket.AwaitableSocketAsyncEventArgs.ThrowException(SocketError error, CancellationToken cancellationToken)
   at System.Net.Sockets.Socket.AwaitableSocketAsyncEventArgs.System.Threading.Tasks.Sources.IValueTaskSource<System.Int32>.GetResult(Int16 token)
   at System.Net.Security.SslStream.EnsureFullTlsFrameAsync[TIOAdapter](CancellationToken cancellationToken, Int32 estimatedSize)
   at System.Runtime.CompilerServices.PoolingAsyncValueTaskMethodBuilder`1.StateMachineBox`1.System.Threading.Tasks.Sources.IValueTaskSource<TResult>.GetResult(Int16 token)
   at System.Net.Security.SslStream.ReadAsyncInternal[TIOAdapter](Memory`1 buffer, CancellationToken cancellationToken)
   at System.Runtime.CompilerServices.PoolingAsyncValueTaskMethodBuilder`1.StateMachineBox`1.System.Threading.Tasks.Sources.IValueTaskSource<TResult>.GetResult(Int16 token)
   at System.Net.Http.HttpConnection.SendAsync(HttpRequestMessage request, Boolean async, CancellationToken cancellationToken)
   --- End of inner exception stack trace ---
   at System.Net.Http.HttpConnection.SendAsync(HttpRequestMessage request, Boolean async, CancellationToken cancellationToken)
   at System.Net.Http.AuthenticationHelper.SendWithNtAuthAsync(HttpRequestMessage request, Uri authUri, Boolean async, ICredentials credentials, Boolean isProxyAuth, HttpConnection connection, HttpConnectionPool connectionPool, CancellationToken cancellationToken)
   at System.Net.Http.HttpConnectionPool.SendWithVersionDetectionAndRetryAsync(HttpRequestMessage request, Boolean async, Boolean doRequestAuth, CancellationToken cancellationToken)
   at System.Net.Http.AuthenticationHelper.SendWithAuthAsync(HttpRequestMessage request, Uri authUri, Boolean async, ICredentials credentials, Boolean preAuthenticate, Boolean isProxyAuth, Boolean doRequestAuth, HttpConnectionPool pool, CancellationToken cancellationToken)
   at System.Net.Http.RedirectHandler.SendAsync(HttpRequestMessage request, Boolean async, CancellationToken cancellationToken)
   at GitHub.Services.Common.RawHttpMessageHandler.SendAsync(HttpRequestMessage request, CancellationToken cancellationToken)
   at GitHub.Services.Common.VssHttpRetryMessageHandler.SendAsync(HttpRequestMessage request, CancellationToken cancellationToken)
   at System.Net.Http.HttpClient.<SendAsync>g__Core|83_0(HttpRequestMessage request, HttpCompletionOption completionOption, CancellationTokenSource cts, Boolean disposeCts, CancellationTokenSource pendingRequestsCts, CancellationToken originalCancellationToken)
[2024-12-20 11:23:17Z ERR  BrokerServer] #####################################################
[2024-12-20 11:23:17Z ERR  BrokerServer] System.IO.IOException: Unable to read data from the transport connection: Operation canceled.
 ---> System.Net.Sockets.SocketException (89): Operation canceled
   --- End of inner exception stack trace ---
   at System.Net.Sockets.Socket.AwaitableSocketAsyncEventArgs.ThrowException(SocketError error, CancellationToken cancellationToken)
   at System.Net.Sockets.Socket.AwaitableSocketAsyncEventArgs.System.Threading.Tasks.Sources.IValueTaskSource<System.Int32>.GetResult(Int16 token)
   at System.Net.Security.SslStream.EnsureFullTlsFrameAsync[TIOAdapter](CancellationToken cancellationToken, Int32 estimatedSize)
   at System.Runtime.CompilerServices.PoolingAsyncValueTaskMethodBuilder`1.StateMachineBox`1.System.Threading.Tasks.Sources.IValueTaskSource<TResult>.GetResult(Int16 token)
   at System.Net.Security.SslStream.ReadAsyncInternal[TIOAdapter](Memory`1 buffer, CancellationToken cancellationToken)
   at System.Runtime.CompilerServices.PoolingAsyncValueTaskMethodBuilder`1.StateMachineBox`1.System.Threading.Tasks.Sources.IValueTaskSource<TResult>.GetResult(Int16 token)
   at System.Net.Http.HttpConnection.SendAsync(HttpRequestMessage request, Boolean async, CancellationToken cancellationToken)
[2024-12-20 11:23:17Z ERR  BrokerServer] #####################################################
[2024-12-20 11:23:17Z ERR  BrokerServer] System.Net.Sockets.SocketException (89): Operation canceled
[2024-12-20 11:23:17Z WARN BrokerServer] Back off 7,55 seconds before next retry. 4 attempt left.
[2024-12-20 11:23:17Z INFO MessageListener] Get next message has been cancelled.
[2024-12-20 11:23:17Z INFO JobDispatcher] Shutting down JobDispatcher. Make sure all WorkerDispatcher has finished.
[2024-12-20 11:23:17Z INFO Runner] Deleting Runner Session...
[2024-12-20 11:23:17Z INFO Listener] Runner execution been cancelled.
